  Building Custom Rule C:/Users/ethan/Desktop/Game Engines/Game_JL/glfw/src/CMakeLists.txt
  context.c
  init.c
  input.c
  monitor.c
  platform.c
  vulkan.c
  window.c
  egl_context.c
  osmesa_context.c
  null_init.c
  null_monitor.c
  null_window.c
  null_joystick.c
  win32_module.c
  win32_time.c
  win32_thread.c
  win32_init.c
  win32_joystick.c
  win32_monitor.c
  win32_window.c
  Generating Code...
  Compiling...
  wgl_context.c
  Generating Code...
     Creating library C:/Users/ethan/Desktop/Game Engines/Game_JL/glfw_proj/src/Debug/glfw3dll.lib and object C:/Users/ethan/Desktop/Game Engines/Game_JL/glfw_proj/src/Debug/glfw3dll.exp
  glfw.vcxproj -> C:\Users\ethan\Desktop\Game Engines\Game_JL\glfw_proj\src\Debug\glfw3.dll
